Using pre-set license
Built from '6000.1/staging' branch; Version is '6000.1.5f1 (923722cbbcfc) revision 9582370'; Using compiler version '194234433'; Build Type 'Release'
OS: 'Windows 10  (10.0.19045) 64bit Professional' Language: 'en' Physical Memory: 49100 MB
BatchMode: 1, IsHumanControllingUs: 0, StartBugReporterOnCrash: 0, Is64bit: 1, IsPro: 1
Date: 2025-09-14T05:29:56Z

COMMAND LINE ARGUMENTS:
E:\Unity\6000.1.5f1\Editor\Unity.exe
-adb2
-batchMode
-noUpm
-name
AssetImportWorker0
-projectPath
H:/UnityProjects/Punkeroo
-logFile
Logs/AssetImportWorker0.log
-srvPort
59722
-job-worker-count
5
-background-job-worker-count
8
-gc-helper-count
1
-name
AssetImport
Successfully changed project path to: H:/UnityProjects/Punkeroo
H:/UnityProjects/Punkeroo
[UnityMemory] Configuration Parameters - Can be set up in boot.config
    "memorysetup-allocator-temp-initial-block-size-main=262144"
    "memorysetup-allocator-temp-initial-block-size-worker=262144"
    "memorysetup-bucket-allocator-granularity=16"
    "memorysetup-bucket-allocator-bucket-count=8"
    "memorysetup-bucket-allocator-block-size=33554432"
    "memorysetup-bucket-allocator-block-count=8"
    "memorysetup-main-allocator-block-size=16777216"
    "memorysetup-thread-allocator-block-size=16777216"
    "memorysetup-gfx-main-allocator-block-size=16777216"
    "memorysetup-gfx-thread-allocator-block-size=16777216"
    "memorysetup-cache-allocator-block-size=4194304"
    "memorysetup-typetree-allocator-block-size=2097152"
    "memorysetup-profiler-bucket-allocator-granularity=16"
    "memorysetup-profiler-bucket-allocator-bucket-count=8"
    "memorysetup-profiler-bucket-allocator-block-size=33554432"
    "memorysetup-profiler-bucket-allocator-block-count=8"
    "memorysetup-profiler-allocator-block-size=16777216"
    "memorysetup-profiler-editor-allocator-block-size=1048576"
    "memorysetup-temp-allocator-size-main=16777216"
    "memorysetup-job-temp-allocator-block-size=2097152"
    "memorysetup-job-temp-allocator-block-size-background=1048576"
    "memorysetup-job-temp-allocator-reduction-small-platforms=262144"
    "memorysetup-temp-allocator-size-background-worker=32768"
    "memorysetup-temp-allocator-size-job-worker=262144"
    "memorysetup-temp-allocator-size-preload-manager=33554432"
    "memorysetup-temp-allocator-size-nav-mesh-worker=65536"
    "memorysetup-temp-allocator-size-audio-worker=65536"
    "memorysetup-temp-allocator-size-cloud-worker=32768"
    "memorysetup-temp-allocator-size-gi-baking-worker=262144"
    "memorysetup-temp-allocator-size-gi-baking-worker=262144"
    "memorysetup-temp-allocator-size-gi-baking-worker=262144"
    "memorysetup-temp-allocator-size-gi-baking-worker=262144"
    "memorysetup-temp-allocator-size-gi-baking-worker=262144"
    "memorysetup-temp-allocator-size-gfx=262144"
Player connection [3336]  Target information:

Player connection [3336]  * "[IP] 192.168.1.181 [Port] 0 [Flags] 2 [Guid] 1715673766 [EditorId] 1715673766 [Version] 1048832 [Id] WindowsEditor(7,DESKTOP-KUS5HH7) [Debug] 1 [PackageName] WindowsEditor [ProjectName] Editor" 

Player connection [3336]  * "[IP] 192.168.56.1 [Port] 0 [Flags] 2 [Guid] 1715673766 [EditorId] 1715673766 [Version] 1048832 [Id] WindowsEditor(7,DESKTOP-KUS5HH7) [Debug] 1 [PackageName] WindowsEditor [ProjectName] Editor" 

Player connection [3336]  * "[IP] 192.168.49.1 [Port] 0 [Flags] 2 [Guid] 1715673766 [EditorId] 1715673766 [Version] 1048832 [Id] WindowsEditor(7,DESKTOP-KUS5HH7) [Debug] 1 [PackageName] WindowsEditor [ProjectName] Editor" 

Player connection [3336]  * "[IP] 192.168.142.1 [Port] 0 [Flags] 2 [Guid] 1715673766 [EditorId] 1715673766 [Version] 1048832 [Id] WindowsEditor(7,DESKTOP-KUS5HH7) [Debug] 1 [PackageName] WindowsEditor [ProjectName] Editor" 

Player connection [3336] Host joined multi-casting on [225.0.0.222:54997]...
Player connection [3336] Host joined alternative multi-casting on [225.0.0.222:34997]...
JobSystem: Creating JobQueue using job-worker-count value 5
Input System module state changed to: Initialized.
[Physics::Module] Initialized fallback backend.
[Physics::Module] Id: 0xdecafbad
Library Redirect Path: Library/
[Physics::Module] Selected backend.
[Physics::Module] Name: PhysX
[Physics::Module] Id: 0xf2b8ea05
[Physics::Module] SDK Version: 4.1.2
[Physics::Module] Integration Version: 1.0.0
[Physics::Module] Threading Mode: Multi-Threaded
Refreshing native plugins compatible for Editor in 3.18 ms, found 4 plugins.
Preloading 0 native plugins for Editor in 0.00 ms.
Initialize engine version: 6000.1.5f1 (923722cbbcfc)
[Subsystems] Discovering subsystems at path E:/Unity/6000.1.5f1/Editor/Data/Resources/UnitySubsystems
[Subsystems] Discovering subsystems at path H:/UnityProjects/Punkeroo/Assets
GfxDevice: creating device client; kGfxThreadingModeNonThreaded
Direct3D:
    Version:         Direct3D 12 [level 12.1]
    Renderer:        NVIDIA GeForce RTX 3070 (ID=0x2484)
    Vendor:          NVIDIA
    VRAM:            8018 MB
    App VRAM Budget: 7250 MB
    Driver:          32.0.15.7640
Initialize mono
Mono path[0] = 'E:/Unity/6000.1.5f1/Editor/Data/Managed'
Mono path[1] = 'E:/Unity/6000.1.5f1/Editor/Data/MonoBleedingEdge/lib/mono/unityjit-win32'
Mono config path = 'E:/Unity/6000.1.5f1/Editor/Data/MonoBleedingEdge/etc'
Using monoOptions --debugger-agent=transport=dt_socket,embedding=1,server=y,suspend=n,address=127.0.0.1:56164
Begin MonoManager ReloadAssembly
Registering precompiled unity dll's ...
Register platform support module: E:/Unity/6000.1.5f1/Editor/Data/PlaybackEngines/WindowsStandaloneSupport/UnityEditor.WindowsStandalone.Extensions.dll
Registered in 0.002119 seconds.
- Loaded All Assemblies, in  0.416 seconds
Native extension for WindowsStandalone target not found
Mono: successfully reloaded assembly
- Finished resetting the current domain, in  0.385 seconds
Domain Reload Profiling: 799ms
	BeginReloadAssembly (141ms)
		ExecutionOrderSort (0ms)
		DisableScriptedObjects (0ms)
		BackupInstance (0ms)
		ReleaseScriptingObjects (0ms)
		CreateAndSetChildDomain (1ms)
	RebuildCommonClasses (40ms)
	RebuildNativeTypeToScriptingClass (14ms)
	initialDomainReloadingComplete (52ms)
	LoadAllAssembliesAndSetupDomain (166ms)
		LoadAssemblies (137ms)
		RebuildTransferFunctionScriptingTraits (0ms)
		AnalyzeDomain (163ms)
			TypeCache.Refresh (162ms)
				TypeCache.ScanAssembly (149ms)
			BuildScriptInfoCaches (0ms)
			ResolveRequiredComponents (0ms)
	FinalizeReload (386ms)
		ReleaseScriptCaches (0ms)
		RebuildScriptCaches (0ms)
		SetupLoadedEditorAssemblies (338ms)
			LogAssemblyErrors (0ms)
			InitializePlatformSupportModulesInManaged (52ms)
			SetLoadedEditorAssemblies (5ms)
			BeforeProcessingInitializeOnLoad (75ms)
			ProcessInitializeOnLoadAttributes (147ms)
			ProcessInitializeOnLoadMethodAttributes (59ms)
			AfterProcessingInitializeOnLoad (0ms)
			EditorAssembliesLoaded (0ms)
		ExecutionOrderSort2 (0ms)
		AwakeInstancesAfterBackupRestoration (0ms)
========================================================================
Worker process is ready to serve import requests
Import Worker Mode flag is 0x00
Begin MonoManager ReloadAssembly
- Loaded All Assemblies, in  0.893 seconds
Refreshing native plugins compatible for Editor in 1.79 ms, found 4 plugins.
Native extension for WindowsStandalone target not found
Mono: successfully reloaded assembly
- Finished resetting the current domain, in  1.065 seconds
Domain Reload Profiling: 1955ms
	BeginReloadAssembly (197ms)
		ExecutionOrderSort (0ms)
		DisableScriptedObjects (6ms)
		BackupInstance (0ms)
		ReleaseScriptingObjects (0ms)
		CreateAndSetChildDomain (32ms)
	RebuildCommonClasses (42ms)
	RebuildNativeTypeToScriptingClass (14ms)
	initialDomainReloadingComplete (42ms)
	LoadAllAssembliesAndSetupDomain (595ms)
		LoadAssemblies (417ms)
		RebuildTransferFunctionScriptingTraits (0ms)
		AnalyzeDomain (294ms)
			TypeCache.Refresh (217ms)
				TypeCache.ScanAssembly (201ms)
			BuildScriptInfoCaches (60ms)
			ResolveRequiredComponents (13ms)
	FinalizeReload (1066ms)
		ReleaseScriptCaches (0ms)
		RebuildScriptCaches (0ms)
		SetupLoadedEditorAssemblies (917ms)
			LogAssemblyErrors (0ms)
			InitializePlatformSupportModulesInManaged (2ms)
			SetLoadedEditorAssemblies (8ms)
			BeforeProcessingInitializeOnLoad (271ms)
			ProcessInitializeOnLoadAttributes (497ms)
			ProcessInitializeOnLoadMethodAttributes (132ms)
			AfterProcessingInitializeOnLoad (6ms)
			EditorAssembliesLoaded (0ms)
		ExecutionOrderSort2 (0ms)
		AwakeInstancesAfterBackupRestoration (6ms)
Launched and connected shader compiler UnityShaderCompiler.exe after 0.01 seconds
Refreshing native plugins compatible for Editor in 1.25 ms, found 4 plugins.
Preloading 0 native plugins for Editor in 0.00 ms.
Unloading 216 Unused Serialized files (Serialized files now loaded: 0)
Unloading 6723 unused Assets / (6.7 MB). Loaded Objects now: 7401.
Memory consumption went from 171.1 MB to 164.4 MB.
Total: 12.638000 ms (FindLiveObjects: 1.042800 ms CreateObjectMapping: 1.037500 ms MarkObjects: 5.257000 ms  DeleteObjects: 5.298800 ms)

========================================================================
Received Import Request.
  Time since last request: 1569.469048 seconds.
  path: Assets/Art/Sprites/block_tileset.png
  artifactKey: Guid(3834a28731af08e41b53c52944edaf0f) Importer(815301076,1909f56bfc062723c751e8b465ee728b)
Start importing Assets/Art/Sprites/block_tileset.png using Guid(3834a28731af08e41b53c52944edaf0f) Importer(815301076,1909f56bfc062723c751e8b465ee728b) (PreviewImporter) -> (artifact id: '582bf68fb9120dc61400097c3e84815d') in 0.5202989 seconds
Number of updated asset objects reloaded before import = 0Number of asset objects unloaded after import = 110

========================================================================
Received Import Request.
  Time since last request: 6.541472 seconds.
  path: Assets/Art/Sprites/block_tileset.png
  artifactKey: Guid(3834a28731af08e41b53c52944edaf0f) Importer(815301076,1909f56bfc062723c751e8b465ee728b)
Start importing Assets/Art/Sprites/block_tileset.png using Guid(3834a28731af08e41b53c52944edaf0f) Importer(815301076,1909f56bfc062723c751e8b465ee728b) (PreviewImporter) -> (artifact id: 'c62cc01874c0de4ea371225ba1c32468') in 0.3782537 seconds
Number of updated asset objects reloaded before import = 0Number of asset objects unloaded after import = 110

========================================================================
Received Import Request.
  Time since last request: 3.130533 seconds.
  path: Assets/Art/Sprites/block_tileset.png
  artifactKey: Guid(3834a28731af08e41b53c52944edaf0f) Importer(815301076,1909f56bfc062723c751e8b465ee728b)
Start importing Assets/Art/Sprites/block_tileset.png using Guid(3834a28731af08e41b53c52944edaf0f) Importer(815301076,1909f56bfc062723c751e8b465ee728b) (PreviewImporter) -> (artifact id: '47d0e28a479c110b497bc8c0ab733170') in 0.3478445 seconds
Number of updated asset objects reloaded before import = 0Number of asset objects unloaded after import = 110

========================================================================
Received Prepare
Begin MonoManager ReloadAssembly
- Loaded All Assemblies, in  1.155 seconds
Refreshing native plugins compatible for Editor in 1.88 ms, found 4 plugins.
Native extension for WindowsStandalone target not found
Mono: successfully reloaded assembly
- Finished resetting the current domain, in  1.671 seconds
Domain Reload Profiling: 2826ms
	BeginReloadAssembly (292ms)
		ExecutionOrderSort (0ms)
		DisableScriptedObjects (21ms)
		BackupInstance (0ms)
		ReleaseScriptingObjects (0ms)
		CreateAndSetChildDomain (72ms)
	RebuildCommonClasses (55ms)
	RebuildNativeTypeToScriptingClass (17ms)
	initialDomainReloadingComplete (38ms)
	LoadAllAssembliesAndSetupDomain (752ms)
		LoadAssemblies (520ms)
		RebuildTransferFunctionScriptingTraits (0ms)
		AnalyzeDomain (364ms)
			TypeCache.Refresh (225ms)
				TypeCache.ScanAssembly (205ms)
			BuildScriptInfoCaches (118ms)
			ResolveRequiredComponents (15ms)
	FinalizeReload (1672ms)
		ReleaseScriptCaches (0ms)
		RebuildScriptCaches (0ms)
		SetupLoadedEditorAssemblies (1458ms)
			LogAssemblyErrors (0ms)
			InitializePlatformSupportModulesInManaged (2ms)
			SetLoadedEditorAssemblies (11ms)
			BeforeProcessingInitializeOnLoad (287ms)
			ProcessInitializeOnLoadAttributes (1006ms)
			ProcessInitializeOnLoadMethodAttributes (142ms)
			AfterProcessingInitializeOnLoad (8ms)
			EditorAssembliesLoaded (0ms)
		ExecutionOrderSort2 (0ms)
		AwakeInstancesAfterBackupRestoration (21ms)
Refreshing native plugins compatible for Editor in 1.61 ms, found 4 plugins.
Preloading 0 native plugins for Editor in 0.00 ms.
Unloading 34 Unused Serialized files (Serialized files now loaded: 0)
Unloading 6738 unused Assets / (6.5 MB). Loaded Objects now: 7472.
Memory consumption went from 152.8 MB to 146.3 MB.
Total: 32.397400 ms (FindLiveObjects: 1.070200 ms CreateObjectMapping: 0.358400 ms MarkObjects: 25.347900 ms  DeleteObjects: 5.619200 ms)

Prepare: number of updated asset objects reloaded= 0
========================================================================
Received Prepare
Refreshing native plugins compatible for Editor in 1.38 ms, found 4 plugins.
Preloading 0 native plugins for Editor in 0.00 ms.
Unloading 34 Unused Serialized files (Serialized files now loaded: 0)
Unloading 6727 unused Assets / (7.6 MB). Loaded Objects now: 7472.
Memory consumption went from 154.3 MB to 146.7 MB.
Total: 30.201200 ms (FindLiveObjects: 1.053100 ms CreateObjectMapping: 0.359700 ms MarkObjects: 21.897800 ms  DeleteObjects: 6.888800 ms)

Prepare: number of updated asset objects reloaded= 0
========================================================================
Received Prepare
Begin MonoManager ReloadAssembly
Asset path could not be found for script compilation file '/Assets/Plugins/Sirenix/Odin Inspector/OdinUpgrader.cs'
- Loaded All Assemblies, in  0.930 seconds
Refreshing native plugins compatible for Editor in 1.55 ms, found 4 plugins.
Native extension for WindowsStandalone target not found
Mono: successfully reloaded assembly
- Finished resetting the current domain, in  1.508 seconds
Domain Reload Profiling: 2439ms
	BeginReloadAssembly (248ms)
		ExecutionOrderSort (0ms)
		DisableScriptedObjects (16ms)
		BackupInstance (0ms)
		ReleaseScriptingObjects (0ms)
		CreateAndSetChildDomain (67ms)
	RebuildCommonClasses (39ms)
	RebuildNativeTypeToScriptingClass (15ms)
	initialDomainReloadingComplete (32ms)
	LoadAllAssembliesAndSetupDomain (596ms)
		LoadAssemblies (447ms)
		RebuildTransferFunctionScriptingTraits (0ms)
		AnalyzeDomain (257ms)
			TypeCache.Refresh (15ms)
				TypeCache.ScanAssembly (2ms)
			BuildScriptInfoCaches (227ms)
			ResolveRequiredComponents (12ms)
	FinalizeReload (1508ms)
		ReleaseScriptCaches (0ms)
		RebuildScriptCaches (0ms)
		SetupLoadedEditorAssemblies (1345ms)
			LogAssemblyErrors (0ms)
			InitializePlatformSupportModulesInManaged (2ms)
			SetLoadedEditorAssemblies (7ms)
			BeforeProcessingInitializeOnLoad (247ms)
			ProcessInitializeOnLoadAttributes (979ms)
			ProcessInitializeOnLoadMethodAttributes (103ms)
			AfterProcessingInitializeOnLoad (8ms)
			EditorAssembliesLoaded (0ms)
		ExecutionOrderSort2 (0ms)
		AwakeInstancesAfterBackupRestoration (16ms)
Refreshing native plugins compatible for Editor in 1.59 ms, found 4 plugins.
Preloading 0 native plugins for Editor in 0.00 ms.
Unloading 34 Unused Serialized files (Serialized files now loaded: 0)
Unloading 6737 unused Assets / (7.1 MB). Loaded Objects now: 7473.
Memory consumption went from 155.7 MB to 148.6 MB.
Total: 28.366300 ms (FindLiveObjects: 1.056100 ms CreateObjectMapping: 0.374800 ms MarkObjects: 21.410100 ms  DeleteObjects: 5.523200 ms)

Prepare: number of updated asset objects reloaded= 0
========================================================================
Received Prepare
Refreshing native plugins compatible for Editor in 1.48 ms, found 4 plugins.
Preloading 0 native plugins for Editor in 0.00 ms.
Unloading 34 Unused Serialized files (Serialized files now loaded: 0)
Unloading 6726 unused Assets / (6.2 MB). Loaded Objects now: 7473.
Memory consumption went from 157.2 MB to 151.0 MB.
Total: 30.865700 ms (FindLiveObjects: 1.297700 ms CreateObjectMapping: 0.471200 ms MarkObjects: 23.741200 ms  DeleteObjects: 5.352900 ms)

Prepare: number of updated asset objects reloaded= 0
========================================================================
Received Prepare
Begin MonoManager ReloadAssembly
- Loaded All Assemblies, in  0.953 seconds
Refreshing native plugins compatible for Editor in 1.33 ms, found 4 plugins.
Native extension for WindowsStandalone target not found
Mono: successfully reloaded assembly
- Finished resetting the current domain, in  1.531 seconds
Domain Reload Profiling: 2486ms
	BeginReloadAssembly (247ms)
		ExecutionOrderSort (0ms)
		DisableScriptedObjects (16ms)
		BackupInstance (0ms)
		ReleaseScriptingObjects (0ms)
		CreateAndSetChildDomain (67ms)
	RebuildCommonClasses (40ms)
	RebuildNativeTypeToScriptingClass (15ms)
	initialDomainReloadingComplete (32ms)
	LoadAllAssembliesAndSetupDomain (620ms)
		LoadAssemblies (453ms)
		RebuildTransferFunctionScriptingTraits (0ms)
		AnalyzeDomain (275ms)
			TypeCache.Refresh (14ms)
				TypeCache.ScanAssembly (0ms)
			BuildScriptInfoCaches (236ms)
			ResolveRequiredComponents (18ms)
	FinalizeReload (1531ms)
		ReleaseScriptCaches (0ms)
		RebuildScriptCaches (0ms)
		SetupLoadedEditorAssemblies (1363ms)
			LogAssemblyErrors (0ms)
			InitializePlatformSupportModulesInManaged (2ms)
			SetLoadedEditorAssemblies (9ms)
			BeforeProcessingInitializeOnLoad (279ms)
			ProcessInitializeOnLoadAttributes (946ms)
			ProcessInitializeOnLoadMethodAttributes (121ms)
			AfterProcessingInitializeOnLoad (6ms)
			EditorAssembliesLoaded (0ms)
		ExecutionOrderSort2 (0ms)
		AwakeInstancesAfterBackupRestoration (16ms)
Refreshing native plugins compatible for Editor in 1.36 ms, found 4 plugins.
Preloading 0 native plugins for Editor in 0.00 ms.
Unloading 34 Unused Serialized files (Serialized files now loaded: 0)
Unloading 6737 unused Assets / (6.6 MB). Loaded Objects now: 7475.
Memory consumption went from 158.8 MB to 152.1 MB.
Total: 31.898100 ms (FindLiveObjects: 1.087100 ms CreateObjectMapping: 0.499200 ms MarkObjects: 25.600400 ms  DeleteObjects: 4.709600 ms)

Prepare: number of updated asset objects reloaded= 0
========================================================================
Received Prepare
Refreshing native plugins compatible for Editor in 1.58 ms, found 4 plugins.
Preloading 0 native plugins for Editor in 0.00 ms.
Unloading 34 Unused Serialized files (Serialized files now loaded: 0)
Unloading 6727 unused Assets / (7.0 MB). Loaded Objects now: 7476.
Memory consumption went from 160.3 MB to 153.2 MB.
Total: 31.311100 ms (FindLiveObjects: 1.410500 ms CreateObjectMapping: 0.790300 ms MarkObjects: 22.961700 ms  DeleteObjects: 6.146200 ms)

Prepare: number of updated asset objects reloaded= 0
========================================================================
Received Prepare
Begin MonoManager ReloadAssembly
- Loaded All Assemblies, in  0.970 seconds
Refreshing native plugins compatible for Editor in 1.29 ms, found 4 plugins.
Native extension for WindowsStandalone target not found
Mono: successfully reloaded assembly
- Finished resetting the current domain, in  1.405 seconds
Domain Reload Profiling: 2377ms
	BeginReloadAssembly (257ms)
		ExecutionOrderSort (0ms)
		DisableScriptedObjects (16ms)
		BackupInstance (0ms)
		ReleaseScriptingObjects (0ms)
		CreateAndSetChildDomain (71ms)
	RebuildCommonClasses (39ms)
	RebuildNativeTypeToScriptingClass (15ms)
	initialDomainReloadingComplete (33ms)
	LoadAllAssembliesAndSetupDomain (626ms)
		LoadAssemblies (488ms)
		RebuildTransferFunctionScriptingTraits (0ms)
		AnalyzeDomain (247ms)
			TypeCache.Refresh (11ms)
				TypeCache.ScanAssembly (0ms)
			BuildScriptInfoCaches (216ms)
			ResolveRequiredComponents (14ms)
	FinalizeReload (1406ms)
		ReleaseScriptCaches (0ms)
		RebuildScriptCaches (0ms)
		SetupLoadedEditorAssemblies (1242ms)
			LogAssemblyErrors (0ms)
			InitializePlatformSupportModulesInManaged (2ms)
			SetLoadedEditorAssemblies (7ms)
			BeforeProcessingInitializeOnLoad (236ms)
			ProcessInitializeOnLoadAttributes (893ms)
			ProcessInitializeOnLoadMethodAttributes (99ms)
			AfterProcessingInitializeOnLoad (6ms)
			EditorAssembliesLoaded (0ms)
		ExecutionOrderSort2 (0ms)
		AwakeInstancesAfterBackupRestoration (16ms)
Refreshing native plugins compatible for Editor in 1.46 ms, found 4 plugins.
Preloading 0 native plugins for Editor in 0.00 ms.
Unloading 34 Unused Serialized files (Serialized files now loaded: 0)
Unloading 6738 unused Assets / (6.7 MB). Loaded Objects now: 7478.
Memory consumption went from 161.8 MB to 155.1 MB.
Total: 31.503400 ms (FindLiveObjects: 1.145000 ms CreateObjectMapping: 0.465000 ms MarkObjects: 24.850000 ms  DeleteObjects: 5.041400 ms)

Prepare: number of updated asset objects reloaded= 0
========================================================================
Received Prepare
Refreshing native plugins compatible for Editor in 1.65 ms, found 4 plugins.
Preloading 0 native plugins for Editor in 0.00 ms.
Unloading 34 Unused Serialized files (Serialized files now loaded: 0)
Unloading 6727 unused Assets / (6.9 MB). Loaded Objects now: 7478.
Memory consumption went from 163.3 MB to 156.4 MB.
Total: 35.315800 ms (FindLiveObjects: 1.331000 ms CreateObjectMapping: 0.386500 ms MarkObjects: 26.598200 ms  DeleteObjects: 6.997500 ms)

Prepare: number of updated asset objects reloaded= 0
========================================================================
Received Prepare
Begin MonoManager ReloadAssembly
- Loaded All Assemblies, in  0.944 seconds
Refreshing native plugins compatible for Editor in 1.64 ms, found 4 plugins.
Native extension for WindowsStandalone target not found
Mono: successfully reloaded assembly
- Finished resetting the current domain, in  1.492 seconds
Domain Reload Profiling: 2437ms
	BeginReloadAssembly (268ms)
		ExecutionOrderSort (0ms)
		DisableScriptedObjects (18ms)
		BackupInstance (0ms)
		ReleaseScriptingObjects (0ms)
		CreateAndSetChildDomain (74ms)
	RebuildCommonClasses (40ms)
	RebuildNativeTypeToScriptingClass (15ms)
	initialDomainReloadingComplete (32ms)
	LoadAllAssembliesAndSetupDomain (589ms)
		LoadAssemblies (458ms)
		RebuildTransferFunctionScriptingTraits (0ms)
		AnalyzeDomain (249ms)
			TypeCache.Refresh (13ms)
				TypeCache.ScanAssembly (0ms)
			BuildScriptInfoCaches (219ms)
			ResolveRequiredComponents (12ms)
	FinalizeReload (1493ms)
		ReleaseScriptCaches (0ms)
		RebuildScriptCaches (0ms)
		SetupLoadedEditorAssemblies (1321ms)
			LogAssemblyErrors (0ms)
			InitializePlatformSupportModulesInManaged (2ms)
			SetLoadedEditorAssemblies (10ms)
			BeforeProcessingInitializeOnLoad (246ms)
			ProcessInitializeOnLoadAttributes (960ms)
			ProcessInitializeOnLoadMethodAttributes (96ms)
			AfterProcessingInitializeOnLoad (6ms)
			EditorAssembliesLoaded (0ms)
		ExecutionOrderSort2 (0ms)
		AwakeInstancesAfterBackupRestoration (15ms)
Refreshing native plugins compatible for Editor in 1.38 ms, found 4 plugins.
Preloading 0 native plugins for Editor in 0.00 ms.
Unloading 34 Unused Serialized files (Serialized files now loaded: 0)
Unloading 6738 unused Assets / (6.2 MB). Loaded Objects now: 7480.
Memory consumption went from 164.8 MB to 158.6 MB.
Total: 34.038300 ms (FindLiveObjects: 1.288000 ms CreateObjectMapping: 0.398700 ms MarkObjects: 26.883600 ms  DeleteObjects: 5.466100 ms)

Prepare: number of updated asset objects reloaded= 0
========================================================================
Received Import Request.
  Time since last request: 1598.035187 seconds.
  path: Assets/Art/Sprites/Sc-Fi Env Tiles/block_tileset_0.asset
  artifactKey: Guid(6de6c4a45224976499510be8560f66f4) Importer(815301076,1909f56bfc062723c751e8b465ee728b)
Start importing Assets/Art/Sprites/Sc-Fi Env Tiles/block_tileset_0.asset using Guid(6de6c4a45224976499510be8560f66f4) Importer(815301076,1909f56bfc062723c751e8b465ee728b) (PreviewImporter) -> (artifact id: '28178fd47de719a39272a0f4db8dd97c') in 0.0801105 seconds
Number of updated asset objects reloaded before import = 0Number of asset objects unloaded after import = 3

========================================================================
Received Prepare
Refreshing native plugins compatible for Editor in 1.38 ms, found 4 plugins.
Preloading 0 native plugins for Editor in 0.00 ms.
Unloading 34 Unused Serialized files (Serialized files now loaded: 0)
Unloading 6727 unused Assets / (6.5 MB). Loaded Objects now: 7482.
Memory consumption went from 152.9 MB to 146.4 MB.
Total: 28.805200 ms (FindLiveObjects: 1.141700 ms CreateObjectMapping: 0.566700 ms MarkObjects: 22.416000 ms  DeleteObjects: 4.678800 ms)

Prepare: number of updated asset objects reloaded= 0
========================================================================
Received Prepare
Begin MonoManager ReloadAssembly
- Loaded All Assemblies, in  0.999 seconds
Refreshing native plugins compatible for Editor in 1.58 ms, found 4 plugins.
Native extension for WindowsStandalone target not found
Mono: successfully reloaded assembly
- Finished resetting the current domain, in  1.623 seconds
Domain Reload Profiling: 2623ms
	BeginReloadAssembly (259ms)
		ExecutionOrderSort (0ms)
		DisableScriptedObjects (16ms)
		BackupInstance (0ms)
		ReleaseScriptingObjects (0ms)
		CreateAndSetChildDomain (71ms)
	RebuildCommonClasses (42ms)
	RebuildNativeTypeToScriptingClass (15ms)
	initialDomainReloadingComplete (32ms)
	LoadAllAssembliesAndSetupDomain (652ms)
		LoadAssemblies (470ms)
		RebuildTransferFunctionScriptingTraits (0ms)
		AnalyzeDomain (296ms)
			TypeCache.Refresh (18ms)
				TypeCache.ScanAssembly (0ms)
			BuildScriptInfoCaches (260ms)
			ResolveRequiredComponents (12ms)
	FinalizeReload (1624ms)
		ReleaseScriptCaches (0ms)
		RebuildScriptCaches (0ms)
		SetupLoadedEditorAssemblies (1424ms)
			LogAssemblyErrors (0ms)
			InitializePlatformSupportModulesInManaged (2ms)
			SetLoadedEditorAssemblies (11ms)
			BeforeProcessingInitializeOnLoad (329ms)
			ProcessInitializeOnLoadAttributes (965ms)
			ProcessInitializeOnLoadMethodAttributes (111ms)
			AfterProcessingInitializeOnLoad (6ms)
			EditorAssembliesLoaded (0ms)
		ExecutionOrderSort2 (0ms)
		AwakeInstancesAfterBackupRestoration (18ms)
Refreshing native plugins compatible for Editor in 1.49 ms, found 4 plugins.
Preloading 0 native plugins for Editor in 0.00 ms.
Unloading 34 Unused Serialized files (Serialized files now loaded: 0)
Unloading 6738 unused Assets / (6.5 MB). Loaded Objects now: 7483.
Memory consumption went from 154.4 MB to 148.0 MB.
Total: 27.394300 ms (FindLiveObjects: 1.177400 ms CreateObjectMapping: 0.388900 ms MarkObjects: 21.313000 ms  DeleteObjects: 4.513100 ms)

Prepare: number of updated asset objects reloaded= 0
========================================================================
Received Prepare
Refreshing native plugins compatible for Editor in 1.66 ms, found 4 plugins.
Preloading 0 native plugins for Editor in 0.00 ms.
Unloading 34 Unused Serialized files (Serialized files now loaded: 0)
Unloading 6727 unused Assets / (6.9 MB). Loaded Objects now: 7483.
Memory consumption went from 155.9 MB to 149.0 MB.
Total: 33.630200 ms (FindLiveObjects: 1.058500 ms CreateObjectMapping: 0.361100 ms MarkObjects: 26.769200 ms  DeleteObjects: 5.432100 ms)

Prepare: number of updated asset objects reloaded= 0
========================================================================
Received Prepare
Begin MonoManager ReloadAssembly
- Loaded All Assemblies, in  1.019 seconds
Refreshing native plugins compatible for Editor in 1.98 ms, found 4 plugins.
Native extension for WindowsStandalone target not found
Mono: successfully reloaded assembly
- Finished resetting the current domain, in  1.979 seconds
Domain Reload Profiling: 2998ms
	BeginReloadAssembly (290ms)
		ExecutionOrderSort (0ms)
		DisableScriptedObjects (24ms)
		BackupInstance (0ms)
		ReleaseScriptingObjects (0ms)
		CreateAndSetChildDomain (80ms)
	RebuildCommonClasses (44ms)
	RebuildNativeTypeToScriptingClass (20ms)
	initialDomainReloadingComplete (44ms)
	LoadAllAssembliesAndSetupDomain (619ms)
		LoadAssemblies (470ms)
		RebuildTransferFunctionScriptingTraits (0ms)
		AnalyzeDomain (264ms)
			TypeCache.Refresh (13ms)
				TypeCache.ScanAssembly (0ms)
			BuildScriptInfoCaches (233ms)
			ResolveRequiredComponents (13ms)
	FinalizeReload (1980ms)
		ReleaseScriptCaches (0ms)
		RebuildScriptCaches (0ms)
		SetupLoadedEditorAssemblies (1768ms)
			LogAssemblyErrors (0ms)
			InitializePlatformSupportModulesInManaged (2ms)
			SetLoadedEditorAssemblies (13ms)
			BeforeProcessingInitializeOnLoad (575ms)
			ProcessInitializeOnLoadAttributes (1064ms)
			ProcessInitializeOnLoadMethodAttributes (108ms)
			AfterProcessingInitializeOnLoad (6ms)
			EditorAssembliesLoaded (0ms)
		ExecutionOrderSort2 (0ms)
		AwakeInstancesAfterBackupRestoration (15ms)
Refreshing native plugins compatible for Editor in 1.87 ms, found 4 plugins.
Preloading 0 native plugins for Editor in 0.00 ms.
Unloading 34 Unused Serialized files (Serialized files now loaded: 0)
Unloading 6738 unused Assets / (6.7 MB). Loaded Objects now: 7485.
Memory consumption went from 157.4 MB to 150.7 MB.
Total: 28.746600 ms (FindLiveObjects: 1.187500 ms CreateObjectMapping: 0.464000 ms MarkObjects: 22.335400 ms  DeleteObjects: 4.758200 ms)

Prepare: number of updated asset objects reloaded= 0
========================================================================
Received Prepare
Begin MonoManager ReloadAssembly
- Loaded All Assemblies, in  0.953 seconds
Refreshing native plugins compatible for Editor in 1.30 ms, found 4 plugins.
Native extension for WindowsStandalone target not found
Mono: successfully reloaded assembly
- Finished resetting the current domain, in  1.434 seconds
Domain Reload Profiling: 2387ms
	BeginReloadAssembly (257ms)
		ExecutionOrderSort (0ms)
		DisableScriptedObjects (16ms)
		BackupInstance (0ms)
		ReleaseScriptingObjects (0ms)
		CreateAndSetChildDomain (72ms)
	RebuildCommonClasses (45ms)
	RebuildNativeTypeToScriptingClass (18ms)
	initialDomainReloadingComplete (35ms)
	LoadAllAssembliesAndSetupDomain (599ms)
		LoadAssemblies (437ms)
		RebuildTransferFunctionScriptingTraits (0ms)
		AnalyzeDomain (268ms)
			TypeCache.Refresh (14ms)
				TypeCache.ScanAssembly (0ms)
			BuildScriptInfoCaches (238ms)
			ResolveRequiredComponents (12ms)
	FinalizeReload (1434ms)
		ReleaseScriptCaches (0ms)
		RebuildScriptCaches (0ms)
		SetupLoadedEditorAssemblies (1259ms)
			LogAssemblyErrors (0ms)
			InitializePlatformSupportModulesInManaged (2ms)
			SetLoadedEditorAssemblies (10ms)
			BeforeProcessingInitializeOnLoad (250ms)
			ProcessInitializeOnLoadAttributes (895ms)
			ProcessInitializeOnLoadMethodAttributes (96ms)
			AfterProcessingInitializeOnLoad (6ms)
			EditorAssembliesLoaded (0ms)
		ExecutionOrderSort2 (0ms)
		AwakeInstancesAfterBackupRestoration (15ms)
Refreshing native plugins compatible for Editor in 1.35 ms, found 4 plugins.
Preloading 0 native plugins for Editor in 0.00 ms.
Unloading 34 Unused Serialized files (Serialized files now loaded: 0)
Unloading 6738 unused Assets / (6.7 MB). Loaded Objects now: 7487.
Memory consumption went from 159.0 MB to 152.3 MB.
Total: 29.250400 ms (FindLiveObjects: 1.113500 ms CreateObjectMapping: 0.397200 ms MarkObjects: 22.431500 ms  DeleteObjects: 5.306300 ms)

Prepare: number of updated asset objects reloaded= 0
========================================================================
Received Import Request.
  Time since last request: 299.647694 seconds.
  path: Assets/Art/Sprites/Sc-Fi Env Tiles/block_tileset_78.asset
  artifactKey: Guid(8291ac1b4c7ecbc408667e766c486b17) Importer(815301076,1909f56bfc062723c751e8b465ee728b)
Start importing Assets/Art/Sprites/Sc-Fi Env Tiles/block_tileset_78.asset using Guid(8291ac1b4c7ecbc408667e766c486b17) Importer(815301076,1909f56bfc062723c751e8b465ee728b) (PreviewImporter) -> (artifact id: '96bbc7d143ea2aaeec9c0d2d0045db75') in 0.0703344 seconds
Number of updated asset objects reloaded before import = 0Number of asset objects unloaded after import = 3

========================================================================
Received Import Request.
  Time since last request: 0.000018 seconds.
  path: Assets/Art/Sprites/Sc-Fi Env Tiles/block_tileset_95.asset
  artifactKey: Guid(cb0c2928f7df05348a78d99bfbff3cec) Importer(815301076,1909f56bfc062723c751e8b465ee728b)
Start importing Assets/Art/Sprites/Sc-Fi Env Tiles/block_tileset_95.asset using Guid(cb0c2928f7df05348a78d99bfbff3cec) Importer(815301076,1909f56bfc062723c751e8b465ee728b) (PreviewImporter) -> (artifact id: '4bce91640d2b7c3ad170e1fb332e3f2b') in 0.0169437 seconds
Number of updated asset objects reloaded before import = 0Number of asset objects unloaded after import = 3

========================================================================
Received Import Request.
  Time since last request: 0.000018 seconds.
  path: Assets/Art/Sprites/Sc-Fi Env Tiles/block_tileset_79.asset
  artifactKey: Guid(3451c4712ccbe5245ba5900a81fd2c58) Importer(815301076,1909f56bfc062723c751e8b465ee728b)
Start importing Assets/Art/Sprites/Sc-Fi Env Tiles/block_tileset_79.asset using Guid(3451c4712ccbe5245ba5900a81fd2c58) Importer(815301076,1909f56bfc062723c751e8b465ee728b) (PreviewImporter) -> (artifact id: '78751ebd2eea9dd832c94fc5c0760d22') in 0.0150369 seconds
Number of updated asset objects reloaded before import = 0Number of asset objects unloaded after import = 3

========================================================================
Received Import Request.
  Time since last request: 0.000018 seconds.
  path: Assets/Art/Sprites/Sc-Fi Env Tiles/block_tileset_69.asset
  artifactKey: Guid(167a4d8c31ca33241ad9d45fa5a75dcc) Importer(815301076,1909f56bfc062723c751e8b465ee728b)
Start importing Assets/Art/Sprites/Sc-Fi Env Tiles/block_tileset_69.asset using Guid(167a4d8c31ca33241ad9d45fa5a75dcc) Importer(815301076,1909f56bfc062723c751e8b465ee728b) (PreviewImporter) -> (artifact id: '3b6d96200e755851e6cac8d20e8fdc9f') in 0.0177147 seconds
Number of updated asset objects reloaded before import = 0Number of asset objects unloaded after import = 3

========================================================================
Received Import Request.
  Time since last request: 0.000028 seconds.
  path: Assets/Art/Sprites/Sc-Fi Env Tiles/block_tileset_68.asset
  artifactKey: Guid(9b5a4fd878f076c4d9ec492a63c41d9c) Importer(815301076,1909f56bfc062723c751e8b465ee728b)
Start importing Assets/Art/Sprites/Sc-Fi Env Tiles/block_tileset_68.asset using Guid(9b5a4fd878f076c4d9ec492a63c41d9c) Importer(815301076,1909f56bfc062723c751e8b465ee728b) (PreviewImporter) -> (artifact id: '13e55a7f38c1a3b0c9f13d07c6b7ff49') in 0.0159911 seconds
Number of updated asset objects reloaded before import = 0Number of asset objects unloaded after import = 3

========================================================================
Received Import Request.
  Time since last request: 0.000043 seconds.
  path: Assets/Art/Sprites/Sc-Fi Env Tiles/block_tileset_49.asset
  artifactKey: Guid(2372dca675e5ae8458c68d8b61bb4346) Importer(815301076,1909f56bfc062723c751e8b465ee728b)
Start importing Assets/Art/Sprites/Sc-Fi Env Tiles/block_tileset_49.asset using Guid(2372dca675e5ae8458c68d8b61bb4346) Importer(815301076,1909f56bfc062723c751e8b465ee728b) (PreviewImporter) -> (artifact id: '5c380a1504cd4a13d710d218fdcf53eb') in 0.0155624 seconds
Number of updated asset objects reloaded before import = 0Number of asset objects unloaded after import = 3

========================================================================
Received Import Request.
  Time since last request: 0.000020 seconds.
  path: Assets/Art/Sprites/Sc-Fi Env Tiles/block_tileset_100.asset
  artifactKey: Guid(fed933a22e743e444b4b6859ecf4b736) Importer(815301076,1909f56bfc062723c751e8b465ee728b)
Start importing Assets/Art/Sprites/Sc-Fi Env Tiles/block_tileset_100.asset using Guid(fed933a22e743e444b4b6859ecf4b736) Importer(815301076,1909f56bfc062723c751e8b465ee728b) (PreviewImporter) -> (artifact id: 'eeb4d9570eb29a6464085a9c12c6d459') in 0.0154803 seconds
Number of updated asset objects reloaded before import = 0Number of asset objects unloaded after import = 3

========================================================================
Received Import Request.
  Time since last request: 0.000018 seconds.
  path: Assets/Art/Sprites/Sc-Fi Env Tiles/block_tileset_102.asset
  artifactKey: Guid(4c7f0f1fa8da22241a89fdd1f34f12d5) Importer(815301076,1909f56bfc062723c751e8b465ee728b)
Start importing Assets/Art/Sprites/Sc-Fi Env Tiles/block_tileset_102.asset using Guid(4c7f0f1fa8da22241a89fdd1f34f12d5) Importer(815301076,1909f56bfc062723c751e8b465ee728b) (PreviewImporter) -> (artifact id: 'eb58cf28fc5a8288d9f1986b20340238') in 0.0152653 seconds
Number of updated asset objects reloaded before import = 0Number of asset objects unloaded after import = 3

========================================================================
Received Import Request.
  Time since last request: 0.000017 seconds.
  path: Assets/Art/Sprites/Sc-Fi Env Tiles/block_tileset_82.asset
  artifactKey: Guid(cd6d984e223bd3d4e81f4e25be52ce80) Importer(815301076,1909f56bfc062723c751e8b465ee728b)
Start importing Assets/Art/Sprites/Sc-Fi Env Tiles/block_tileset_82.asset using Guid(cd6d984e223bd3d4e81f4e25be52ce80) Importer(815301076,1909f56bfc062723c751e8b465ee728b) (PreviewImporter) -> (artifact id: '0cf36ab3e7348f8c7912ea668e595563') in 0.0160098 seconds
Number of updated asset objects reloaded before import = 0Number of asset objects unloaded after import = 3

========================================================================
Received Import Request.
  Time since last request: 0.000018 seconds.
  path: Assets/Art/Sprites/Sc-Fi Env Tiles/block_tileset_90.asset
  artifactKey: Guid(c19eca2f104a7b949bcc5b7b39f66923) Importer(815301076,1909f56bfc062723c751e8b465ee728b)
Start importing Assets/Art/Sprites/Sc-Fi Env Tiles/block_tileset_90.asset using Guid(c19eca2f104a7b949bcc5b7b39f66923) Importer(815301076,1909f56bfc062723c751e8b465ee728b) (PreviewImporter) -> (artifact id: 'ee226f30180d94407bb26c11bbf2ab3a') in 0.0152996 seconds
Number of updated asset objects reloaded before import = 0Number of asset objects unloaded after import = 3

========================================================================
Received Import Request.
  Time since last request: 0.000024 seconds.
  path: Assets/Art/Sprites/Sc-Fi Env Tiles/block_tileset_83.asset
  artifactKey: Guid(cce1d9a3cff943b4685f983ed0ced2d1) Importer(815301076,1909f56bfc062723c751e8b465ee728b)
Start importing Assets/Art/Sprites/Sc-Fi Env Tiles/block_tileset_83.asset using Guid(cce1d9a3cff943b4685f983ed0ced2d1) Importer(815301076,1909f56bfc062723c751e8b465ee728b) (PreviewImporter) -> (artifact id: '49fade4f1ec9862c412b89676d10ae39') in 0.0153699 seconds
Number of updated asset objects reloaded before import = 0Number of asset objects unloaded after import = 3

========================================================================
Received Import Request.
  Time since last request: 0.000032 seconds.
  path: Assets/Art/Sprites/Sc-Fi Env Tiles/block_tileset_57.asset
  artifactKey: Guid(9a8d43794d8c6d541a81374740d19b33) Importer(815301076,1909f56bfc062723c751e8b465ee728b)
Start importing Assets/Art/Sprites/Sc-Fi Env Tiles/block_tileset_57.asset using Guid(9a8d43794d8c6d541a81374740d19b33) Importer(815301076,1909f56bfc062723c751e8b465ee728b) (PreviewImporter) -> (artifact id: '6aeb99637247737d041a84bfd7aabb38') in 0.0072187 seconds
Number of updated asset objects reloaded before import = 0Number of asset objects unloaded after import = 3

========================================================================
Received Import Request.
  Time since last request: 0.000020 seconds.
  path: Assets/Art/Sprites/Sc-Fi Env Tiles/block_tileset_53.asset
  artifactKey: Guid(7a1f3bcce66cf71418c961b498aadee5) Importer(815301076,1909f56bfc062723c751e8b465ee728b)
Start importing Assets/Art/Sprites/Sc-Fi Env Tiles/block_tileset_53.asset using Guid(7a1f3bcce66cf71418c961b498aadee5) Importer(815301076,1909f56bfc062723c751e8b465ee728b) (PreviewImporter) -> (artifact id: '846241ffffebf3f7b318fce800386c6b') in 0.0160287 seconds
Number of updated asset objects reloaded before import = 0Number of asset objects unloaded after import = 3

========================================================================
Received Import Request.
  Time since last request: 0.000020 seconds.
  path: Assets/Art/Sprites/Sc-Fi Env Tiles/block_tileset_50.asset
  artifactKey: Guid(8d70d24d511505d49954327d5987c895) Importer(815301076,1909f56bfc062723c751e8b465ee728b)
Start importing Assets/Art/Sprites/Sc-Fi Env Tiles/block_tileset_50.asset using Guid(8d70d24d511505d49954327d5987c895) Importer(815301076,1909f56bfc062723c751e8b465ee728b) (PreviewImporter) -> (artifact id: '41d46c630f2e0eee39457a5e51f7b329') in 0.0184941 seconds
Number of updated asset objects reloaded before import = 0Number of asset objects unloaded after import = 3

========================================================================
Received Import Request.
  Time since last request: 0.000017 seconds.
  path: Assets/Art/Sprites/Sc-Fi Env Tiles/block_tileset_46.asset
  artifactKey: Guid(0b3cb17d785cb344e88716cb025e22d0) Importer(815301076,1909f56bfc062723c751e8b465ee728b)
Start importing Assets/Art/Sprites/Sc-Fi Env Tiles/block_tileset_46.asset using Guid(0b3cb17d785cb344e88716cb025e22d0) Importer(815301076,1909f56bfc062723c751e8b465ee728b) (PreviewImporter) -> (artifact id: 'd5ed81d9649bc2732faeee08a229c3c0') in 0.0154835 seconds
Number of updated asset objects reloaded before import = 0Number of asset objects unloaded after import = 3

========================================================================
Received Import Request.
  Time since last request: 0.000017 seconds.
  path: Assets/Art/Sprites/Sc-Fi Env Tiles/block_tileset_56.asset
  artifactKey: Guid(bf3b13c18f29fc140978515d66f32bfc) Importer(815301076,1909f56bfc062723c751e8b465ee728b)
Start importing Assets/Art/Sprites/Sc-Fi Env Tiles/block_tileset_56.asset using Guid(bf3b13c18f29fc140978515d66f32bfc) Importer(815301076,1909f56bfc062723c751e8b465ee728b) (PreviewImporter) -> (artifact id: '77f4ecf966b8803c97c48b9c34656ca2') in 0.0165111 seconds
Number of updated asset objects reloaded before import = 0Number of asset objects unloaded after import = 3

========================================================================
Received Import Request.
  Time since last request: 0.000024 seconds.
  path: Assets/Art/Sprites/Sc-Fi Env Tiles/block_tileset_52.asset
  artifactKey: Guid(d019e63e99564f64a96aec0e0311e02a) Importer(815301076,1909f56bfc062723c751e8b465ee728b)
Start importing Assets/Art/Sprites/Sc-Fi Env Tiles/block_tileset_52.asset using Guid(d019e63e99564f64a96aec0e0311e02a) Importer(815301076,1909f56bfc062723c751e8b465ee728b) (PreviewImporter) -> (artifact id: '85a74c57bb99416629fb1d8118ba9c52') in 0.0070282 seconds
Number of updated asset objects reloaded before import = 0Number of asset objects unloaded after import = 3

========================================================================
Received Import Request.
  Time since last request: 0.000029 seconds.
  path: Assets/Art/Sprites/Sc-Fi Env Tiles/block_tileset_22.asset
  artifactKey: Guid(06b700ec832c4314bac844046837046c) Importer(815301076,1909f56bfc062723c751e8b465ee728b)
Start importing Assets/Art/Sprites/Sc-Fi Env Tiles/block_tileset_22.asset using Guid(06b700ec832c4314bac844046837046c) Importer(815301076,1909f56bfc062723c751e8b465ee728b) (PreviewImporter) -> (artifact id: '54fac7c2d2c9db716eea66e7afa93639') in 0.0079164 seconds
Number of updated asset objects reloaded before import = 0Number of asset objects unloaded after import = 3

========================================================================
Received Import Request.
  Time since last request: 0.000017 seconds.
  path: Assets/Art/Sprites/Sc-Fi Env Tiles/block_tileset_55.asset
  artifactKey: Guid(e8c1c3a771f059b45a93fdbd816a30a7) Importer(815301076,1909f56bfc062723c751e8b465ee728b)
Start importing Assets/Art/Sprites/Sc-Fi Env Tiles/block_tileset_55.asset using Guid(e8c1c3a771f059b45a93fdbd816a30a7) Importer(815301076,1909f56bfc062723c751e8b465ee728b) (PreviewImporter) -> (artifact id: '921fcf8f535bafa47e3f0368ea2a9f0d') in 0.0165008 seconds
Number of updated asset objects reloaded before import = 0Number of asset objects unloaded after import = 3

========================================================================
Received Import Request.
  Time since last request: 0.000019 seconds.
  path: Assets/Art/Sprites/Sc-Fi Env Tiles/block_tileset_38.asset
  artifactKey: Guid(f3709c8af52a0ec4ea42138b0827b374) Importer(815301076,1909f56bfc062723c751e8b465ee728b)
Start importing Assets/Art/Sprites/Sc-Fi Env Tiles/block_tileset_38.asset using Guid(f3709c8af52a0ec4ea42138b0827b374) Importer(815301076,1909f56bfc062723c751e8b465ee728b) (PreviewImporter) -> (artifact id: '5a71611fc387d89a9c3306c3f3b6748f') in 0.0155061 seconds
Number of updated asset objects reloaded before import = 0Number of asset objects unloaded after import = 3

========================================================================
Received Import Request.
  Time since last request: 0.000017 seconds.
  path: Assets/Art/Sprites/Sc-Fi Env Tiles/block_tileset_4.asset
  artifactKey: Guid(a672d28b743c9484a9608bc79dced93f) Importer(815301076,1909f56bfc062723c751e8b465ee728b)
Start importing Assets/Art/Sprites/Sc-Fi Env Tiles/block_tileset_4.asset using Guid(a672d28b743c9484a9608bc79dced93f) Importer(815301076,1909f56bfc062723c751e8b465ee728b) (PreviewImporter) -> (artifact id: 'baf5c5b360b760a88fd8085adce122ce') in 0.0176076 seconds
Number of updated asset objects reloaded before import = 0Number of asset objects unloaded after import = 3

========================================================================
Received Import Request.
  Time since last request: 0.000023 seconds.
  path: Assets/Art/Sprites/Sc-Fi Env Tiles/block_tileset_27.asset
  artifactKey: Guid(2f5603a63beb61e448ecccb19b25fa1c) Importer(815301076,1909f56bfc062723c751e8b465ee728b)
Start importing Assets/Art/Sprites/Sc-Fi Env Tiles/block_tileset_27.asset using Guid(2f5603a63beb61e448ecccb19b25fa1c) Importer(815301076,1909f56bfc062723c751e8b465ee728b) (PreviewImporter) -> (artifact id: '514f4bf1d2230c1163f6013910b1d3c4') in 0.0151701 seconds
Number of updated asset objects reloaded before import = 0Number of asset objects unloaded after import = 3

========================================================================
Received Import Request.
  Time since last request: 0.000023 seconds.
  path: Assets/Art/Sprites/Sc-Fi Env Tiles/block_tileset_40.asset
  artifactKey: Guid(7cd6927e42fa65a419ee709ee9ac9922) Importer(815301076,1909f56bfc062723c751e8b465ee728b)
Start importing Assets/Art/Sprites/Sc-Fi Env Tiles/block_tileset_40.asset using Guid(7cd6927e42fa65a419ee709ee9ac9922) Importer(815301076,1909f56bfc062723c751e8b465ee728b) (PreviewImporter) -> (artifact id: '9a997fc07eb3bc47b3542dd83391710d') in 0.0165482 seconds
Number of updated asset objects reloaded before import = 0Number of asset objects unloaded after import = 3

========================================================================
Received Import Request.
  Time since last request: 0.000028 seconds.
  path: Assets/Art/Sprites/Sc-Fi Env Tiles/block_tileset_104.asset
  artifactKey: Guid(62b174659625da94f8c272001d23f1d5) Importer(815301076,1909f56bfc062723c751e8b465ee728b)
Start importing Assets/Art/Sprites/Sc-Fi Env Tiles/block_tileset_104.asset using Guid(62b174659625da94f8c272001d23f1d5) Importer(815301076,1909f56bfc062723c751e8b465ee728b) (PreviewImporter) -> (artifact id: '0042156de4cdcabc40e55eaea3cc1c3c') in 0.0237798 seconds
Number of updated asset objects reloaded before import = 0Number of asset objects unloaded after import = 3

========================================================================
Received Import Request.
  Time since last request: 0.000022 seconds.
  path: Assets/Art/Sprites/Sc-Fi Env Tiles/block_tileset_71.asset
  artifactKey: Guid(0568d9427d2081743b77a48cf46d9719) Importer(815301076,1909f56bfc062723c751e8b465ee728b)
Start importing Assets/Art/Sprites/Sc-Fi Env Tiles/block_tileset_71.asset using Guid(0568d9427d2081743b77a48cf46d9719) Importer(815301076,1909f56bfc062723c751e8b465ee728b) (PreviewImporter) -> (artifact id: 'd9f472b55ba443c50f61c1325bc2be7d') in 0.017655 seconds
Number of updated asset objects reloaded before import = 0Number of asset objects unloaded after import = 3

========================================================================
Received Import Request.
  Time since last request: 0.000035 seconds.
  path: Assets/Art/Sprites/Sc-Fi Env Tiles/block_tileset_30.asset
  artifactKey: Guid(125c945e88bef824ab8bd474120376d9) Importer(815301076,1909f56bfc062723c751e8b465ee728b)
Start importing Assets/Art/Sprites/Sc-Fi Env Tiles/block_tileset_30.asset using Guid(125c945e88bef824ab8bd474120376d9) Importer(815301076,1909f56bfc062723c751e8b465ee728b) (PreviewImporter) -> (artifact id: 'd7486b83de6d082e5bd6a8c813c369f0') in 0.0174606 seconds
Number of updated asset objects reloaded before import = 0Number of asset objects unloaded after import = 3

========================================================================
Received Import Request.
  Time since last request: 0.000022 seconds.
  path: Assets/Art/Sprites/Sc-Fi Env Tiles/block_tileset_101.asset
  artifactKey: Guid(f22cef3d8b59f964cbbd5f55502329a8) Importer(815301076,1909f56bfc062723c751e8b465ee728b)
Start importing Assets/Art/Sprites/Sc-Fi Env Tiles/block_tileset_101.asset using Guid(f22cef3d8b59f964cbbd5f55502329a8) Importer(815301076,1909f56bfc062723c751e8b465ee728b) (PreviewImporter) -> (artifact id: '3705461953770fd3e8777e5a28483f8a') in 0.0158768 seconds
Number of updated asset objects reloaded before import = 0Number of asset objects unloaded after import = 3

========================================================================
Received Import Request.
  Time since last request: 0.000023 seconds.
  path: Assets/Art/Sprites/Sc-Fi Env Tiles/block_tileset_35.asset
  artifactKey: Guid(aead39e51d5c0f348a98dfcc6f632105) Importer(815301076,1909f56bfc062723c751e8b465ee728b)
Start importing Assets/Art/Sprites/Sc-Fi Env Tiles/block_tileset_35.asset using Guid(aead39e51d5c0f348a98dfcc6f632105) Importer(815301076,1909f56bfc062723c751e8b465ee728b) (PreviewImporter) -> (artifact id: 'fd5feea3d7f93d1db8bc4bd9ae133691') in 0.0146927 seconds
Number of updated asset objects reloaded before import = 0Number of asset objects unloaded after import = 3

========================================================================
Received Import Request.
  Time since last request: 0.000047 seconds.
  path: Assets/Art/Sprites/Sc-Fi Env Tiles/block_tileset_85.asset
  artifactKey: Guid(ede5bfe8fc5a56a4bad9c838309258c7) Importer(815301076,1909f56bfc062723c751e8b465ee728b)
Start importing Assets/Art/Sprites/Sc-Fi Env Tiles/block_tileset_85.asset using Guid(ede5bfe8fc5a56a4bad9c838309258c7) Importer(815301076,1909f56bfc062723c751e8b465ee728b) (PreviewImporter) -> (artifact id: '81ae38b1886cdf32b7c25a427db9c390') in 0.0173952 seconds
Number of updated asset objects reloaded before import = 0Number of asset objects unloaded after import = 3

========================================================================
Received Import Request.
  Time since last request: 0.000050 seconds.
  path: Assets/Art/Sprites/Sc-Fi Env Tiles/block_tileset_3.asset
  artifactKey: Guid(442585142c83b2940bf77c8211001567) Importer(815301076,1909f56bfc062723c751e8b465ee728b)
Start importing Assets/Art/Sprites/Sc-Fi Env Tiles/block_tileset_3.asset using Guid(442585142c83b2940bf77c8211001567) Importer(815301076,1909f56bfc062723c751e8b465ee728b) (PreviewImporter) -> (artifact id: 'facdba357635dfba6cb9bf703ff51ed3') in 0.0237227 seconds
Number of updated asset objects reloaded before import = 0Number of asset objects unloaded after import = 3

========================================================================
Received Import Request.
  Time since last request: 0.000021 seconds.
  path: Assets/Art/Sprites/Sc-Fi Env Tiles/block_tileset_28.asset
  artifactKey: Guid(f2a004460758d3c439fb8ac9191054d4) Importer(815301076,1909f56bfc062723c751e8b465ee728b)
Start importing Assets/Art/Sprites/Sc-Fi Env Tiles/block_tileset_28.asset using Guid(f2a004460758d3c439fb8ac9191054d4) Importer(815301076,1909f56bfc062723c751e8b465ee728b) (PreviewImporter) -> (artifact id: '4f91b38f77f6a52b28b572876c5ee60d') in 0.0172776 seconds
Number of updated asset objects reloaded before import = 0Number of asset objects unloaded after import = 3

========================================================================
Received Import Request.
  Time since last request: 0.000023 seconds.
  path: Assets/Art/Sprites/Sc-Fi Env Tiles/block_tileset_2.asset
  artifactKey: Guid(541f890f15956da41919354267cf904e) Importer(815301076,1909f56bfc062723c751e8b465ee728b)
Start importing Assets/Art/Sprites/Sc-Fi Env Tiles/block_tileset_2.asset using Guid(541f890f15956da41919354267cf904e) Importer(815301076,1909f56bfc062723c751e8b465ee728b) (PreviewImporter) -> (artifact id: 'ee736e2fb042613a76cf281a1177a1ff') in 0.0184122 seconds
Number of updated asset objects reloaded before import = 0Number of asset objects unloaded after import = 3

========================================================================
Received Import Request.
  Time since last request: 0.000029 seconds.
  path: Assets/Art/Sprites/Sc-Fi Env Tiles/block_tileset_12.asset
  artifactKey: Guid(43d43b6a65c4f8a42bc259d7d0ed7b97) Importer(815301076,1909f56bfc062723c751e8b465ee728b)
Start importing Assets/Art/Sprites/Sc-Fi Env Tiles/block_tileset_12.asset using Guid(43d43b6a65c4f8a42bc259d7d0ed7b97) Importer(815301076,1909f56bfc062723c751e8b465ee728b) (PreviewImporter) -> (artifact id: 'f31299b3e21bb8d422839b3104179076') in 0.0186761 seconds
Number of updated asset objects reloaded before import = 0Number of asset objects unloaded after import = 3

========================================================================
Received Import Request.
  Time since last request: 0.000031 seconds.
  path: Assets/Art/Sprites/Sc-Fi Env Tiles/block_tileset_63.asset
  artifactKey: Guid(ee0509d4149949b458d956f411296955) Importer(815301076,1909f56bfc062723c751e8b465ee728b)
Start importing Assets/Art/Sprites/Sc-Fi Env Tiles/block_tileset_63.asset using Guid(ee0509d4149949b458d956f411296955) Importer(815301076,1909f56bfc062723c751e8b465ee728b) (PreviewImporter) -> (artifact id: 'ac7362ec42e19253ea8153fd96f45fa7') in 0.0171424 seconds
Number of updated asset objects reloaded before import = 0Number of asset objects unloaded after import = 3

========================================================================
Received Import Request.
  Time since last request: 0.000024 seconds.
  path: Assets/Art/Sprites/Sc-Fi Env Tiles/block_tileset_77.asset
  artifactKey: Guid(eeadd9732daceac4e8df138c57801f0c) Importer(815301076,1909f56bfc062723c751e8b465ee728b)
Start importing Assets/Art/Sprites/Sc-Fi Env Tiles/block_tileset_77.asset using Guid(eeadd9732daceac4e8df138c57801f0c) Importer(815301076,1909f56bfc062723c751e8b465ee728b) (PreviewImporter) -> (artifact id: 'abab2eba6d5194fec5b0065f9a64edce') in 0.0155093 seconds
Number of updated asset objects reloaded before import = 0Number of asset objects unloaded after import = 3

========================================================================
Received Import Request.
  Time since last request: 0.000020 seconds.
  path: Assets/Art/Sprites/Sc-Fi Env Tiles/block_tileset_84.asset
  artifactKey: Guid(7ea642f5abd7cf743a1506b3c1be6b4b) Importer(815301076,1909f56bfc062723c751e8b465ee728b)
Start importing Assets/Art/Sprites/Sc-Fi Env Tiles/block_tileset_84.asset using Guid(7ea642f5abd7cf743a1506b3c1be6b4b) Importer(815301076,1909f56bfc062723c751e8b465ee728b) (PreviewImporter) -> (artifact id: '4db2a00cd72dac58d1781b1b30511280') in 0.0166351 seconds
Number of updated asset objects reloaded before import = 0Number of asset objects unloaded after import = 3

========================================================================
Received Import Request.
  Time since last request: 0.000019 seconds.
  path: Assets/Art/Sprites/Sc-Fi Env Tiles/block_tileset_98.asset
  artifactKey: Guid(e28d9942058cce84293a771de6fa965b) Importer(815301076,1909f56bfc062723c751e8b465ee728b)
Start importing Assets/Art/Sprites/Sc-Fi Env Tiles/block_tileset_98.asset using Guid(e28d9942058cce84293a771de6fa965b) Importer(815301076,1909f56bfc062723c751e8b465ee728b) (PreviewImporter) -> (artifact id: 'ab9803f9236cbbdbd4af53b4beba2a2a') in 0.0166604 seconds
Number of updated asset objects reloaded before import = 0Number of asset objects unloaded after import = 3

========================================================================
Received Import Request.
  Time since last request: 0.000021 seconds.
  path: Assets/Art/Sprites/Sc-Fi Env Tiles/block_tileset_91.asset
  artifactKey: Guid(af3b11bf2c3646d49adc006e85c9256b) Importer(815301076,1909f56bfc062723c751e8b465ee728b)
Start importing Assets/Art/Sprites/Sc-Fi Env Tiles/block_tileset_91.asset using Guid(af3b11bf2c3646d49adc006e85c9256b) Importer(815301076,1909f56bfc062723c751e8b465ee728b) (PreviewImporter) -> (artifact id: 'a266851e0ea6ebfc31d2caa849f5cb81') in 0.0156695 seconds
Number of updated asset objects reloaded before import = 0Number of asset objects unloaded after import = 3

========================================================================
Received Import Request.
  Time since last request: 0.000029 seconds.
  path: Assets/Art/Sprites/Sc-Fi Env Tiles/block_tileset_99.asset
  artifactKey: Guid(ff03c1acdb454e149ac20a826e97a5a3) Importer(815301076,1909f56bfc062723c751e8b465ee728b)
Start importing Assets/Art/Sprites/Sc-Fi Env Tiles/block_tileset_99.asset using Guid(ff03c1acdb454e149ac20a826e97a5a3) Importer(815301076,1909f56bfc062723c751e8b465ee728b) (PreviewImporter) -> (artifact id: '02538723d178bd436cc7882ac0966389') in 0.0164554 seconds
Number of updated asset objects reloaded before import = 0Number of asset objects unloaded after import = 3

========================================================================
Received Import Request.
  Time since last request: 0.000020 seconds.
  path: Assets/Art/Sprites/Sc-Fi Env Tiles/block_tileset_44.asset
  artifactKey: Guid(c071941669293ef44a188e340e878694) Importer(815301076,1909f56bfc062723c751e8b465ee728b)
Start importing Assets/Art/Sprites/Sc-Fi Env Tiles/block_tileset_44.asset using Guid(c071941669293ef44a188e340e878694) Importer(815301076,1909f56bfc062723c751e8b465ee728b) (PreviewImporter) -> (artifact id: 'eb49d5b1cb15167d1bde5501b8c6a210') in 0.0170823 seconds
Number of updated asset objects reloaded before import = 0Number of asset objects unloaded after import = 3

========================================================================
Received Import Request.
  Time since last request: 0.000019 seconds.
  path: Assets/Art/Sprites/Sc-Fi Env Tiles/block_tileset_13.asset
  artifactKey: Guid(5b35d8bced4c4e14e8ebf2b81cee398b) Importer(815301076,1909f56bfc062723c751e8b465ee728b)
Start importing Assets/Art/Sprites/Sc-Fi Env Tiles/block_tileset_13.asset using Guid(5b35d8bced4c4e14e8ebf2b81cee398b) Importer(815301076,1909f56bfc062723c751e8b465ee728b) (PreviewImporter) -> (artifact id: '8d3e5e64dd44c5b7f9ef648e78a072b4') in 0.0148471 seconds
Number of updated asset objects reloaded before import = 0Number of asset objects unloaded after import = 3

========================================================================
Received Import Request.
  Time since last request: 0.000018 seconds.
  path: Assets/Art/Sprites/Sc-Fi Env Tiles/block_tileset_6.asset
  artifactKey: Guid(03336070222692a4aa9ff5f283ba1132) Importer(815301076,1909f56bfc062723c751e8b465ee728b)
Start importing Assets/Art/Sprites/Sc-Fi Env Tiles/block_tileset_6.asset using Guid(03336070222692a4aa9ff5f283ba1132) Importer(815301076,1909f56bfc062723c751e8b465ee728b) (PreviewImporter) -> (artifact id: '5187d6da57742fcc74f37a43e0ca519c') in 0.0150371 seconds
Number of updated asset objects reloaded before import = 0Number of asset objects unloaded after import = 3

========================================================================
Received Import Request.
  Time since last request: 0.000020 seconds.
  path: Assets/Art/Sprites/Sc-Fi Env Tiles/block_tileset_29.asset
  artifactKey: Guid(aab74da0f853a644a87e023aea28b652) Importer(815301076,1909f56bfc062723c751e8b465ee728b)
Start importing Assets/Art/Sprites/Sc-Fi Env Tiles/block_tileset_29.asset using Guid(aab74da0f853a644a87e023aea28b652) Importer(815301076,1909f56bfc062723c751e8b465ee728b) (PreviewImporter) -> (artifact id: '7d805ccb6b6a0aac6344c632d34d3106') in 0.015523 seconds
Number of updated asset objects reloaded before import = 0Number of asset objects unloaded after import = 3

========================================================================
Received Import Request.
  Time since last request: 0.000029 seconds.
  path: Assets/Art/Sprites/Sc-Fi Env Tiles/block_tileset_86.asset
  artifactKey: Guid(545b2277d811c3d4dab91ee2b47b2f76) Importer(815301076,1909f56bfc062723c751e8b465ee728b)
Start importing Assets/Art/Sprites/Sc-Fi Env Tiles/block_tileset_86.asset using Guid(545b2277d811c3d4dab91ee2b47b2f76) Importer(815301076,1909f56bfc062723c751e8b465ee728b) (PreviewImporter) -> (artifact id: 'f36b7ef8f87d0af8335941d0023b493e') in 0.0157077 seconds
Number of updated asset objects reloaded before import = 0Number of asset objects unloaded after import = 3

========================================================================
Received Import Request.
  Time since last request: 0.000018 seconds.
  path: Assets/Art/Sprites/Sc-Fi Env Tiles/block_tileset_67.asset
  artifactKey: Guid(16265f97bf2100341964d574e1d3cb48) Importer(815301076,1909f56bfc062723c751e8b465ee728b)
Start importing Assets/Art/Sprites/Sc-Fi Env Tiles/block_tileset_67.asset using Guid(16265f97bf2100341964d574e1d3cb48) Importer(815301076,1909f56bfc062723c751e8b465ee728b) (PreviewImporter) -> (artifact id: '89ea082ca438b4c16670e9b410913b5b') in 0.0144049 seconds
Number of updated asset objects reloaded before import = 0Number of asset objects unloaded after import = 3

========================================================================
Received Import Request.
  Time since last request: 0.000018 seconds.
  path: Assets/Art/Sprites/Sc-Fi Env Tiles/block_tileset_16.asset
  artifactKey: Guid(18d798c402ca4c64ea1c5edb377f099c) Importer(815301076,1909f56bfc062723c751e8b465ee728b)
Start importing Assets/Art/Sprites/Sc-Fi Env Tiles/block_tileset_16.asset using Guid(18d798c402ca4c64ea1c5edb377f099c) Importer(815301076,1909f56bfc062723c751e8b465ee728b) (PreviewImporter) -> (artifact id: 'f14ac3a914c72eb79539320fa0133d72') in 0.0148832 seconds
Number of updated asset objects reloaded before import = 0Number of asset objects unloaded after import = 3

========================================================================
Received Import Request.
  Time since last request: 0.000020 seconds.
  path: Assets/Art/Sprites/Sc-Fi Env Tiles/block_tileset_81.asset
  artifactKey: Guid(be17314807b4d9c4781a3b8cca51f93f) Importer(815301076,1909f56bfc062723c751e8b465ee728b)
Start importing Assets/Art/Sprites/Sc-Fi Env Tiles/block_tileset_81.asset using Guid(be17314807b4d9c4781a3b8cca51f93f) Importer(815301076,1909f56bfc062723c751e8b465ee728b) (PreviewImporter) -> (artifact id: '6546ce4c52a943bb36a968890facfa41') in 0.0163361 seconds
Number of updated asset objects reloaded before import = 0Number of asset objects unloaded after import = 3

========================================================================
Received Import Request.
  Time since last request: 0.000019 seconds.
  path: Assets/Art/Sprites/Sc-Fi Env Tiles/block_tileset_93.asset
  artifactKey: Guid(e376811b09b579c419c14b6b5fb5672a) Importer(815301076,1909f56bfc062723c751e8b465ee728b)
Start importing Assets/Art/Sprites/Sc-Fi Env Tiles/block_tileset_93.asset using Guid(e376811b09b579c419c14b6b5fb5672a) Importer(815301076,1909f56bfc062723c751e8b465ee728b) (PreviewImporter) -> (artifact id: '2afdc4930f15ea3990fec63a8de9e8fd') in 0.0076069 seconds
Number of updated asset objects reloaded before import = 0Number of asset objects unloaded after import = 3

========================================================================
Received Import Request.
  Time since last request: 0.000030 seconds.
  path: Assets/Art/Sprites/Sc-Fi Env Tiles/block_tileset_45.asset
  artifactKey: Guid(2cbf6ccb9c1546b46bc0dd2ddf6db8c1) Importer(815301076,1909f56bfc062723c751e8b465ee728b)
Start importing Assets/Art/Sprites/Sc-Fi Env Tiles/block_tileset_45.asset using Guid(2cbf6ccb9c1546b46bc0dd2ddf6db8c1) Importer(815301076,1909f56bfc062723c751e8b465ee728b) (PreviewImporter) -> (artifact id: '20899a12a74d68618ada8e6c858fd20d') in 0.017416 seconds
Number of updated asset objects reloaded before import = 0Number of asset objects unloaded after import = 3

========================================================================
Received Import Request.
  Time since last request: 0.000021 seconds.
  path: Assets/Art/Sprites/Sc-Fi Env Tiles/block_tileset_1.asset
  artifactKey: Guid(c9061f09a58ce9441b414ac624fed791) Importer(815301076,1909f56bfc062723c751e8b465ee728b)
Start importing Assets/Art/Sprites/Sc-Fi Env Tiles/block_tileset_1.asset using Guid(c9061f09a58ce9441b414ac624fed791) Importer(815301076,1909f56bfc062723c751e8b465ee728b) (PreviewImporter) -> (artifact id: 'dc1f595077b2c214baf88f579b821bb8') in 0.016836 seconds
Number of updated asset objects reloaded before import = 0Number of asset objects unloaded after import = 3

========================================================================
Received Import Request.
  Time since last request: 0.000015 seconds.
  path: Assets/Art/Sprites/Sc-Fi Env Tiles/block_tileset_70.asset
  artifactKey: Guid(596e0a532c8a30b4d9e585f6499a9ff5) Importer(815301076,1909f56bfc062723c751e8b465ee728b)
Start importing Assets/Art/Sprites/Sc-Fi Env Tiles/block_tileset_70.asset using Guid(596e0a532c8a30b4d9e585f6499a9ff5) Importer(815301076,1909f56bfc062723c751e8b465ee728b) (PreviewImporter) -> (artifact id: '37918119b84b3c086b9e427cb0ffed42') in 0.0154792 seconds
Number of updated asset objects reloaded before import = 0Number of asset objects unloaded after import = 3

========================================================================
Received Import Request.
  Time since last request: 0.000018 seconds.
  path: Assets/Art/Sprites/Sc-Fi Env Tiles/block_tileset_73.asset
  artifactKey: Guid(2cc86b4606fdd0148a72617ce19e6b1a) Importer(815301076,1909f56bfc062723c751e8b465ee728b)
Start importing Assets/Art/Sprites/Sc-Fi Env Tiles/block_tileset_73.asset using Guid(2cc86b4606fdd0148a72617ce19e6b1a) Importer(815301076,1909f56bfc062723c751e8b465ee728b) (PreviewImporter) -> (artifact id: '277019d31ccfc5912477b285d153d0f4') in 0.0177253 seconds
Number of updated asset objects reloaded before import = 0Number of asset objects unloaded after import = 3

Editor requested this worker to shutdown with reason: Scaling down because of idle timeout
AssetImportWorker is now disconnected from the server
Process exiting
Exiting without the bug reporter. Application will terminate with return code 0